<?xml version="1.0" encoding="UTF-8"?>
<!-- Generated by org.testng.reporters.JUnitReportReporter -->
<testsuite hostname="DESKTOP-HHRV5N7" failures="0" tests="2" name="API.formAPITesting" time="3.599" errors="0" timestamp="2022-02-02T09:40:27 CST" skipped="0">
  <testcase classname="API.formAPITesting" name="testAPI2" time="1.703"/>
  <system-out/>
  <testcase classname="API.formAPITesting" name="testAPI1" time="1.896"/>
  <system-out/>
</testsuite> <!-- API.formAPITesting -->
