<?xml version="1.0" encoding="UTF-8"?>
<!-- Generated by org.testng.reporters.JUnitReportReporter -->
<testsuite hostname="NOTRADIG050" failures="0" tests="1" name="Tests.homeTesting" time="1.834" errors="0" timestamp="2022-02-04T16:49:14 CST" skipped="0">
  <testcase classname="Tests.homeTesting" name="testCard" time="1.834"/>
  <system-out/>
</testsuite> <!-- Tests.homeTesting -->
