<?xml version="1.0" encoding="UTF-8"?>
<!-- Generated by org.testng.reporters.JUnitReportReporter -->
<testsuite hostname="NOTRADIG050" failures="0" tests="1" name="Tests.formTesting" time="0.546" errors="0" timestamp="2022-02-04T16:51:55 CST" skipped="0">
  <testcase classname="Tests.formTesting" name="testFormFill" time="0.546"/>
  <system-out/>
</testsuite> <!-- Tests.formTesting -->
